#
# There is insufficient memory for the Java Runtime Environment to continue.
# Native memory allocation (malloc) failed to allocate 303536 bytes for Chunk::new
# Possible reasons:
#   The system is out of physical RAM or swap space
#   The process is running with CompressedOops enabled, and the Java Heap may be blocking the growth of the native heap
# Possible solutions:
#   Reduce memory load on the system
#   Increase physical memory or swap space
#   Check if swap backing store is full
#   Decrease Java heap size (-Xmx/-Xms)
#   Decrease number of Java threads
#   Decrease Java thread stack sizes (-Xss)
#   Set larger code cache with -XX:ReservedCodeCacheSize=
#   JVM is running with Unscaled Compressed Oops mode in which the Java heap is
#     placed in the first 4GB address space. The Java Heap base address is the
#     maximum limit for the native heap growth. Please use -XX:HeapBaseMinAddress
#     to set the Java Heap base and to place the Java Heap above 4GB virtual address.
# This output file may be truncated or incomplete.
#
#  Out of Memory Error (arena.cpp:197), pid=1968, tid=12672
#
# JRE version: OpenJDK Runtime Environment Microsoft-8035250 (11.0.20+8) (build 11.0.20+8-LTS)
# Java VM: OpenJDK 64-Bit Server VM Microsoft-8035250 (11.0.20+8-LTS, mixed mode, tiered, compressed oops, g1 gc, windows-amd64)
# No core dump will be written. Minidumps are not enabled by default on client versions of Windows
#

---------------  S U M M A R Y ------------

Command Line: -Xmx64m -Xms64m -Dorg.gradle.appname=gradlew org.gradle.wrapper.GradleWrapperMain tasks

Host: 11th Gen Intel(R) Core(TM) i3-1115G4 @ 3.00GHz, 4 cores, 7G,  Windows 10 , 64 bit Build 19041 (10.0.19041.3636)
Time: Tue Jan 30 15:20:14 2024 Stindows 10 , 64 bit Build 19041 (10.0.19041.3636) elapsed time: 0.442036 seconds (0d 0h 0m 0s)

---------------  T H R E A D  ---------------

Current thread (0x000002692729c800):  JavaThread "C2 CompilerThread0" daemon [_thread_in_native, id=12672, stack(0x0000008616200000,0x0000008616300000)]


Current CompileTask:
C2:    442  476       4       java.util.HashMap::putVal (300 bytes)

Stack: [0x0000008616200000,0x0000008616300000]
Native frames: (J=compiled Java code, j=interpreted, Vv=VM code, C=native code)
V  [jvm.dll+0x62e9da]
V  [jvm.dll+0x7bc4e9]
V  [jvm.dll+0x7bdbd8]
V  [jvm.dll+0x7be2b3]
V  [jvm.dll+0x2505a8]
V  [jvm.dll+0xc263c]
V  [jvm.dll+0xc2bfc]
V  [jvm.dll+0x35fd82]
V  [jvm.dll+0x32bf13]
V  [jvm.dll+0x32b24a]
V  [jvm.dll+0x2097e3]
V  [jvm.dll+0x20893d]
V  [jvm.dll+0x18a7de]
V  [jvm.dll+0x2181ec]
V  [jvm.dll+0x21642b]
V  [jvm.dll+0x77efc0]
V  [jvm.dll+0x777db4]
V  [jvm.dll+0x62d845]
C  [ucrtbase.dll+0x21bb2]
C  [KERNEL32.DLL+0x17344]
C  [ntdll.dll+0x526b1]


---------------  P R O C E S S  ---------------

Threads class SMR info:
_java_thread_list=0x0000026927ee3410, length=11, elements={
0x000002690d3ca800, 0x0000026927214800, 0x0000026927236800, 0x0000026927296000,
0x000002692729a000, 0x000002692729b800, 0x000002692729c800, 0x000002692729d800,
0x0000026927bb5000, 0x0000026927d0f800, 0x0000026927ec8800
}

Java Threads: ( => current thread )
  0x000002690d3ca800 JavaThread "main" [_thread_in_Java, id=15460, stack(0x0000008615600000,0x0000008615700000)]
  0x0000026927214800 JavaThread "Reference Handler" daemon [_thread_blocked, id=7452, stack(0x0000008615d00000,0x0000008615e00000)]
  0x0000026927236800 JavaThread "Finalizer" daemon [_thread_blocked, id=11640, stack(0x0000008615e00000,0x0000008615f00000)]
  0x0000026927296000 JavaThread "Signal Dispatcher" daemon [_thread_blocked, id=16264, stack(0x0000008615f00000,0x0000008616000000)]
  0x000002692729a000 JavaThread "Attach Listener" daemon [_thread_blocked, id=8636, stack(0x0000008616000000,0x0000008616100000)]
  0x000002692729b800 JavaThread "Service Thread" daemon [_thread_blocked, id=12372, stack(0x0000008616100000,0x0000008616200000)]
=>0x000002692729c800 JavaThread "C2 CompilerThread0" daemon [_thread_in_native, id=12672, stack(0x0000008616200000,0x0000008616300000)]
  0x000002692729d800 JavaThread "C1 CompilerThread0" daemon [_thread_blocked, id=12852, stack(0x0000008616300000,0x0000008616400000)]
  0x0000026927bb5000 JavaThread "Sweeper thread" daemon [_thread_blocked, id=20516, stack(0x0000008616400000,0x0000008616500000)]
  0x0000026927d0f800 JavaThread "Common-Cleaner" daemon [_thread_blocked, id=7984, stack(0x0000008616600000,0x0000008616700000)]
  0x0000026927ec8800 JavaThread "C2 CompilerThread1" daemon [_thread_in_native, id=16776, stack(0x0000008616700000,0x0000008616800000)]

Other Threads:
  0x0000026927213800 VMThread "VM Thread" [stack: 0x0000008615c00000,0x0000008615d00000] [id=14708]
  0x0000026927d06000 WatcherThread [stack: 0x0000008616500000,0x0000008616600000] [id=20716]
  0x000002690d3e0800 GCTaskThread "GC Thread#0" [stack: 0x0000008615700000,0x0000008615800000] [id=19444]
  0x000002690d3e9800 ConcurrentGCThread "G1 Main Marker" [stack: 0x0000008615800000,0x0000008615900000] [id=21388]
  0x000002690d3ec000 ConcurrentGCThread "G1 Conc#0" [stack: 0x0000008615900000,0x0000008615a00000] [id=14940]
  0x000002690d47c800 ConcurrentGCThread "G1 Refine#0" [stack: 0x0000008615a00000,0x0000008615b00000] [id=14620]
  0x000002690d47d800 ConcurrentGCThread "G1 Young RemSet Sampling" [stack: 0x0000008615b00000,0x0000008615c00000] [id=12700]

Threads with active compile tasks:
C2 CompilerThread0      461  476       4       java.util.HashMap::putVal (300 bytes)
C2 CompilerThread1      461  479       4       java.util.HashMap::put (13 bytes)

VM state:not at safepoint (normal execution)

VM Mutex/Monitor currently owned by a thread: None

Heap address: 0x00000000fc000000, size: 64 MB, Compressed Oops mode: 32-bit
Narrow klass base: 0x0000000000000000, Narrow klass shift: 3
Compressed class space size: 1073741824 Address: 0x0000000100000000

Heap:
 garbage-first heap   total 65536K, used 11264K [0x00000000fc000000, 0x0000000100000000)
  region size 1024K, 13 young (13312K), 0 survivors (0K)
 Metaspace       used 7530K, capacity 7709K, committed 7936K, reserved 1056768K
  class space    used 647K, capacity 718K, committed 768K, reserved 1048576K
Heap Regions: E=young(eden), S=young(survivor), O=old, HS=humongous(starts), HC=humongous(continues), CS=collection set, F=free, A=archive, TAMS=top-at-mark-start (previous, next)
|   0|0x00000000fc000000, 0x00000000fc000000, 0x00000000fc100000|  0%| F|  |TAMS 0x00000000fc000000, 0x00000000fc000000| Untracked 
|   1|0x00000000fc100000, 0x00000000fc100000, 0x00000000fc200000|  0%| F|  |TAMS 0x00000000fc100000, 0x00000000fc100000| Untracked 
|   2|0x00000000fc200000, 0x00000000fc200000, 0x00000000fc300000|  0%| F|  |TAMS 0x00000000fc200000, 0x00000000fc200000| Untracked 
|   3|0x00000000fc300000, 0x00000000fc300000, 0x00000000fc400000|  0%| F|  |TAMS 0x00000000fc300000, 0x00000000fc300000| Untracked 
|   4|0x00000000fc400000, 0x00000000fc400000, 0x00000000fc500000|  0%| F|  |TAMS 0x00000000fc400000, 0x00000000fc400000| Untracked 
|   5|0x00000000fc500000, 0x00000000fc500000, 0x00000000fc600000|  0%| F|  |TAMS 0x00000000fc500000, 0x00000000fc500000| Untracked 
|   6|0x00000000fc600000, 0x00000000fc600000, 0x00000000fc700000|  0%| F|  |TAMS 0x00000000fc600000, 0x00000000fc600000| Untracked 
|   7|0x00000000fc700000, 0x00000000fc700000, 0x00000000fc800000|  0%| F|  |TAMS 0x00000000fc700000, 0x00000000fc700000| Untracked 
|   8|0x00000000fc800000, 0x00000000fc800000, 0x00000000fc900000|  0%| F|  |TAMS 0x00000000fc800000, 0x00000000fc800000| Untracked 
|   9|0x00000000fc900000, 0x00000000fc900000, 0x00000000fca00000|  0%| F|  |TAMS 0x00000000fc900000, 0x00000000fc900000| Untracked 
|  10|0x00000000fca00000, 0x00000000fca00000, 0x00000000fcb00000|  0%| F|  |TAMS 0x00000000fca00000, 0x00000000fca00000| Untracked 
|  11|0x00000000fcb00000, 0x00000000fcb00000, 0x00000000fcc00000|  0%| F|  |TAMS 0x00000000fcb00000, 0x00000000fcb00000| Untracked 
|  12|0x00000000fcc00000, 0x00000000fcc00000, 0x00000000fcd00000|  0%| F|  |TAMS 0x00000000fcc00000, 0x00000000fcc00000| Untracked 
|  13|0x00000000fcd00000, 0x00000000fcd00000, 0x00000000fce00000|  0%| F|  |TAMS 0x00000000fcd00000, 0x00000000fcd00000| Untracked 
|  14|0x00000000fce00000, 0x00000000fce00000, 0x00000000fcf00000|  0%| F|  |TAMS 0x00000000fce00000, 0x00000000fce00000| Untracked 
|  15|0x00000000fcf00000, 0x00000000fcf00000, 0x00000000fd000000|  0%| F|  |TAMS 0x00000000fcf00000, 0x00000000fcf00000| Untracked 
|  16|0x00000000fd000000, 0x00000000fd000000, 0x00000000fd100000|  0%| F|  |TAMS 0x00000000fd000000, 0x00000000fd000000| Untracked 
|  17|0x00000000fd100000, 0x00000000fd100000, 0x00000000fd200000|  0%| F|  |TAMS 0x00000000fd100000, 0x00000000fd100000| Untracked 
|  18|0x00000000fd200000, 0x00000000fd200000, 0x00000000fd300000|  0%| F|  |TAMS 0x00000000fd200000, 0x00000000fd200000| Untracked 
|  19|0x00000000fd300000, 0x00000000fd300000, 0x00000000fd400000|  0%| F|  |TAMS 0x00000000fd300000, 0x00000000fd300000| Untracked 
|  20|0x00000000fd400000, 0x00000000fd400000, 0x00000000fd500000|  0%| F|  |TAMS 0x00000000fd400000, 0x00000000fd400000| Untracked 
|  21|0x00000000fd500000, 0x00000000fd500000, 0x00000000fd600000|  0%| F|  |TAMS 0x00000000fd500000, 0x00000000fd500000| Untracked 
|  22|0x00000000fd600000, 0x00000000fd600000, 0x00000000fd700000|  0%| F|  |TAMS 0x00000000fd600000, 0x00000000fd600000| Untracked 
|  23|0x00000000fd700000, 0x00000000fd700000, 0x00000000fd800000|  0%| F|  |TAMS 0x00000000fd700000, 0x00000000fd700000| Untracked 
|  24|0x00000000fd800000, 0x00000000fd800000, 0x00000000fd900000|  0%| F|  |TAMS 0x00000000fd800000, 0x00000000fd800000| Untracked 
|  25|0x00000000fd900000, 0x00000000fd900000, 0x00000000fda00000|  0%| F|  |TAMS 0x00000000fd900000, 0x00000000fd900000| Untracked 
|  26|0x00000000fda00000, 0x00000000fda00000, 0x00000000fdb00000|  0%| F|  |TAMS 0x00000000fda00000, 0x00000000fda00000| Untracked 
|  27|0x00000000fdb00000, 0x00000000fdb00000, 0x00000000fdc00000|  0%| F|  |TAMS 0x00000000fdb00000, 0x00000000fdb00000| Untracked 
|  28|0x00000000fdc00000, 0x00000000fdc00000, 0x00000000fdd00000|  0%| F|  |TAMS 0x00000000fdc00000, 0x00000000fdc00000| Untracked 
|  29|0x00000000fdd00000, 0x00000000fdd00000, 0x00000000fde00000|  0%| F|  |TAMS 0x00000000fdd00000, 0x00000000fdd00000| Untracked 
|  30|0x00000000fde00000, 0x00000000fde00000, 0x00000000fdf00000|  0%| F|  |TAMS 0x00000000fde00000, 0x00000000fde00000| Untracked 
|  31|0x00000000fdf00000, 0x00000000fdf00000, 0x00000000fe000000|  0%| F|  |TAMS 0x00000000fdf00000, 0x00000000fdf00000| Untracked 
|  32|0x00000000fe000000, 0x00000000fe000000, 0x00000000fe100000|  0%| F|  |TAMS 0x00000000fe000000, 0x00000000fe000000| Untracked 
|  33|0x00000000fe100000, 0x00000000fe100000, 0x00000000fe200000|  0%| F|  |TAMS 0x00000000fe100000, 0x00000000fe100000| Untracked 
|  34|0x00000000fe200000, 0x00000000fe200000, 0x00000000fe300000|  0%| F|  |TAMS 0x00000000fe200000, 0x00000000fe200000| Untracked 
|  35|0x00000000fe300000, 0x00000000fe300000, 0x00000000fe400000|  0%| F|  |TAMS 0x00000000fe300000, 0x00000000fe300000| Untracked 
|  36|0x00000000fe400000, 0x00000000fe400000, 0x00000000fe500000|  0%| F|  |TAMS 0x00000000fe400000, 0x00000000fe400000| Untracked 
|  37|0x00000000fe500000, 0x00000000fe500000, 0x00000000fe600000|  0%| F|  |TAMS 0x00000000fe500000, 0x00000000fe500000| Untracked 
|  38|0x00000000fe600000, 0x00000000fe600000, 0x00000000fe700000|  0%| F|  |TAMS 0x00000000fe600000, 0x00000000fe600000| Untracked 
|  39|0x00000000fe700000, 0x00000000fe700000, 0x00000000fe800000|  0%| F|  |TAMS 0x00000000fe700000, 0x00000000fe700000| Untracked 
|  40|0x00000000fe800000, 0x00000000fe800000, 0x00000000fe900000|  0%| F|  |TAMS 0x00000000fe800000, 0x00000000fe800000| Untracked 
|  41|0x00000000fe900000, 0x00000000fe900000, 0x00000000fea00000|  0%| F|  |TAMS 0x00000000fe900000, 0x00000000fe900000| Untracked 
|  42|0x00000000fea00000, 0x00000000fea00000, 0x00000000feb00000|  0%| F|  |TAMS 0x00000000fea00000, 0x00000000fea00000| Untracked 
|  43|0x00000000feb00000, 0x00000000feb00000, 0x00000000fec00000|  0%| F|  |TAMS 0x00000000feb00000, 0x00000000feb00000| Untracked 
|  44|0x00000000fec00000, 0x00000000fec00000, 0x00000000fed00000|  0%| F|  |TAMS 0x00000000fec00000, 0x00000000fec00000| Untracked 
|  45|0x00000000fed00000, 0x00000000fed00000, 0x00000000fee00000|  0%| F|  |TAMS 0x00000000fed00000, 0x00000000fed00000| Untracked 
|  46|0x00000000fee00000, 0x00000000fee00000, 0x00000000fef00000|  0%| F|  |TAMS 0x00000000fee00000, 0x00000000fee00000| Untracked 
|  47|0x00000000fef00000, 0x00000000fef00000, 0x00000000ff000000|  0%| F|  |TAMS 0x00000000fef00000, 0x00000000fef00000| Untracked 
|  48|0x00000000ff000000, 0x00000000ff000000, 0x00000000ff100000|  0%| F|  |TAMS 0x00000000ff000000, 0x00000000ff000000| Untracked 
|  49|0x00000000ff100000, 0x00000000ff100000, 0x00000000ff200000|  0%| F|  |TAMS 0x00000000ff100000, 0x00000000ff100000| Untracked 
|  50|0x00000000ff200000, 0x00000000ff200000, 0x00000000ff300000|  0%| F|  |TAMS 0x00000000ff200000, 0x00000000ff200000| Untracked 
|  51|0x00000000ff300000, 0x00000000ff375f80, 0x00000000ff400000| 46%| E|  |TAMS 0x00000000ff300000, 0x00000000ff300000| Complete 
|  52|0x00000000ff400000, 0x00000000ff4b32f8, 0x00000000ff500000| 69%| E|  |TAMS 0x00000000ff400000, 0x00000000ff400000| Complete 
|  53|0x00000000ff500000, 0x00000000ff600000, 0x00000000ff600000|100%| E|CS|TAMS 0x00000000ff500000, 0x00000000ff500000| Complete 
|  54|0x00000000ff600000, 0x00000000ff700000, 0x00000000ff700000|100%| E|CS|TAMS 0x00000000ff600000, 0x00000000ff600000| Complete 
|  55|0x00000000ff700000, 0x00000000ff800000, 0x00000000ff800000|100%| E|CS|TAMS 0x00000000ff700000, 0x00000000ff700000| Complete 
|  56|0x00000000ff800000, 0x00000000ff900000, 0x00000000ff900000|100%| E|CS|TAMS 0x00000000ff800000, 0x00000000ff800000| Complete 
|  57|0x00000000ff900000, 0x00000000ffa00000, 0x00000000ffa00000|100%| E|CS|TAMS 0x00000000ff900000, 0x00000000ff900000| Complete 
|  58|0x00000000ffa00000, 0x00000000ffb00000, 0x00000000ffb00000|100%| E|CS|TAMS 0x00000000ffa00000, 0x00000000ffa00000| Complete 
|  59|0x00000000ffb00000, 0x00000000ffc00000, 0x00000000ffc00000|100%| E|CS|TAMS 0x00000000ffb00000, 0x00000000ffb00000| Complete 
|  60|0x00000000ffc00000, 0x00000000ffd00000, 0x00000000ffd00000|100%| E|CS|TAMS 0x00000000ffc00000, 0x00000000ffc00000| Complete 
|  61|0x00000000ffd00000, 0x00000000ffe00000, 0x00000000ffe00000|100%| E|CS|TAMS 0x00000000ffd00000, 0x00000000ffd00000| Complete 
|  62|0x00000000ffe00000, 0x00000000fff00000, 0x00000000fff00000|100%| E|CS|TAMS 0x00000000ffe00000, 0x00000000ffe00000| Complete 
|  63|0x00000000fff00000, 0x0000000100000000, 0x0000000100000000|100%| E|CS|TAMS 0x00000000fff00000, 0x00000000fff00000| Complete 

Card table byte_map: [0x000002690d1c0000,0x000002690d1e0000] _byte_map_base: 0x000002690c9e0000

Marking Bits (Prev, Next): (CMBitMap*) 0x000002690d3e86b8, (CMBitMap*) 0x000002690d3e86f0
 Prev Bits: [0x000002690d200000, 0x000002690d300000)
 Next Bits: [0x0000026924b40000, 0x0000026924c40000)

Polling page: 0x000002690b290000

Metaspace:

Usage:
  Non-class:      6.83 MB capacity,     6.72 MB ( 98%) used,   102.66 KB (  1%) free+waste,     5.50 KB ( <1%) overhead. 
      Class:    718.00 KB capacity,   647.98 KB ( 90%) used,    67.39 KB (  9%) free+waste,     2.63 KB ( <1%) overhead. 
       Both:      7.53 MB capacity,     7.35 MB ( 98%) used,   170.05 KB (  2%) free+waste,     8.13 KB ( <1%) overhead. 

Virtual space:
  Non-class space:        8.00 MB reserved,       7.00 MB ( 88%) committed 
      Class space:        1.00 GB reserved,     768.00 KB ( <1%) committed 
             Both:        1.01 GB reserved,       7.75 MB ( <1%) committed 

Chunk freelists:
   Non-Class:  49.00 KB
       Class:  18.00 KB
        Both:  67.00 KB

MaxMetaspaceSize: 17179869184.00 GB
CompressedClassSpaceSize: 1.00 GB
Initial GC threshold: 20.80 MB
Current GC threshold: 20.80 MB
CDS: off

CodeHeap 'non-profiled nmethods': size=120064Kb used=160Kb max_used=160Kb free=119904Kb
 bounds [0x000002691d600000, 0x000002691d870000, 0x0000026924b40000]
CodeHeap 'profiled nmethods': size=120000Kb used=860Kb max_used=860Kb free=119139Kb
 bounds [0x00000269160d0000, 0x0000026916340000, 0x000002691d600000]
CodeHeap 'non-nmethods': size=5696Kb used=1117Kb max_used=1131Kb free=4578Kb
 bounds [0x0000026915b40000, 0x0000026915db0000, 0x00000269160d0000]
 total_blobs=888 nmethods=534 adapters=267
 compilation: enabled
              stopped_count=0, restarted_count=0
 full_count=0

Compilation events (20 events):
Event: 0.434 Thread 0x000002692729d800 nmethod 506 0x0000026916192f10 code [0x0000026916193180, 0x0000026916193a98]
Event: 0.434 Thread 0x000002692729d800  507       3       java.lang.Character::isLetterOrDigit (5 bytes)
Event: 0.434 Thread 0x000002692729d800 nmethod 507 0x0000026916193e90 code [0x0000026916194060, 0x0000026916194358]
Event: 0.434 Thread 0x000002692729d800  508       3       java.lang.Character::isLetterOrDigit (19 bytes)
Event: 0.434 Thread 0x000002692729d800 nmethod 508 0x0000026916194490 code [0x0000026916194660, 0x00000269161948f8]
Event: 0.435 Thread 0x000002692729d800  509       3       java.net.URL::isBuiltinStreamHandler (32 bytes)
Event: 0.436 Thread 0x000002692729d800 nmethod 509 0x0000026916194a10 code [0x0000026916194ce0, 0x0000026916195b98]
Event: 0.436 Thread 0x000002692729d800  510       3       java.net.URL::isBuiltinStreamHandler (7 bytes)
Event: 0.436 Thread 0x000002692729d800 nmethod 510 0x0000026916196090 code [0x0000026916196260, 0x0000026916196428]
Event: 0.436 Thread 0x000002692729d800  511       3       sun.net.util.IPAddressUtil::checkHostString (53 bytes)
Event: 0.437 Thread 0x000002692729d800 nmethod 511 0x0000026916196510 code [0x00000269161967e0, 0x00000269161974e8]
Event: 0.437 Thread 0x000002692729d800  514       3       java.net.URI::quote (196 bytes)
Event: 0.437 Thread 0x0000026927ec8800  494       4       java.net.URI::match (56 bytes)
Event: 0.438 Thread 0x0000026927ec8800 nmethod 494 0x000002691d626b10 code [0x000002691d626ca0, 0x000002691d626d78]
Event: 0.438 Thread 0x0000026927ec8800  513       4       java.lang.String::indexOf (29 bytes)
Event: 0.438 Thread 0x000002692729d800 nmethod 514 0x0000026916197990 code [0x0000026916197d40, 0x00000269161995a8]
Event: 0.438 Thread 0x000002692729d800  515       3       java.util.ArrayDeque::add (7 bytes)
Event: 0.438 Thread 0x000002692729d800 nmethod 515 0x0000026916199f10 code [0x000002691619a0c0, 0x000002691619a208]
Event: 0.438 Thread 0x000002692729d800  512       1       java.io.File::getPrefixLength (5 bytes)
Event: 0.438 Thread 0x000002692729d800 nmethod 512 0x000002691d626e90 code [0x000002691d627040, 0x000002691d6270f8]

GC Heap History (0 events):
No events

Deoptimization events (20 events):
Event: 0.364 Thread 0x000002690d3ca800 Uncommon trap: trap_request=0xffffffbe fr.pc=0x000002691d61f338 relative=0x00000000000003b8
Event: 0.364 Thread 0x000002690d3ca800 Uncommon trap: reason=profile_predicate action=maybe_recompile pc=0x000002691d61f338 method=java.util.regex.Pattern$Slice.match(Ljava/util/regex/Matcher;ILjava/lang/CharSequence;)Z @ 18 c2
Event: 0.364 Thread 0x000002690d3ca800 DEOPT PACKING pc=0x000002691d61f338 sp=0x00000086156fd400
Event: 0.365 Thread 0x000002690d3ca800 DEOPT UNPACKING pc=0x0000026915b485af sp=0x00000086156fd308 mode 2
Event: 0.365 Thread 0x000002690d3ca800 Uncommon trap: trap_request=0xffffffbe fr.pc=0x000002691d61f338 relative=0x00000000000003b8
Event: 0.365 Thread 0x000002690d3ca800 Uncommon trap: reason=profile_predicate action=maybe_recompile pc=0x000002691d61f338 method=java.util.regex.Pattern$Slice.match(Ljava/util/regex/Matcher;ILjava/lang/CharSequence;)Z @ 18 c2
Event: 0.365 Thread 0x000002690d3ca800 DEOPT PACKING pc=0x000002691d61f338 sp=0x00000086156fd400
Event: 0.365 Thread 0x000002690d3ca800 DEOPT UNPACKING pc=0x0000026915b485af sp=0x00000086156fd308 mode 2
Event: 0.365 Thread 0x000002690d3ca800 Uncommon trap: trap_request=0xffffffbe fr.pc=0x000002691d61f338 relative=0x00000000000003b8
Event: 0.365 Thread 0x000002690d3ca800 Uncommon trap: reason=profile_predicate action=maybe_recompile pc=0x000002691d61f338 method=java.util.regex.Pattern$Slice.match(Ljava/util/regex/Matcher;ILjava/lang/CharSequence;)Z @ 18 c2
Event: 0.365 Thread 0x000002690d3ca800 DEOPT PACKING pc=0x000002691d61f338 sp=0x00000086156fd400
Event: 0.365 Thread 0x000002690d3ca800 DEOPT UNPACKING pc=0x0000026915b485af sp=0x00000086156fd308 mode 2
Event: 0.368 Thread 0x000002690d3ca800 Uncommon trap: trap_request=0xffffffbe fr.pc=0x000002691d61f338 relative=0x00000000000003b8
Event: 0.368 Thread 0x000002690d3ca800 Uncommon trap: reason=profile_predicate action=maybe_recompile pc=0x000002691d61f338 method=java.util.regex.Pattern$Slice.match(Ljava/util/regex/Matcher;ILjava/lang/CharSequence;)Z @ 18 c2
Event: 0.368 Thread 0x000002690d3ca800 DEOPT PACKING pc=0x000002691d61f338 sp=0x00000086156fd400
Event: 0.368 Thread 0x000002690d3ca800 DEOPT UNPACKING pc=0x0000026915b485af sp=0x00000086156fd308 mode 2
Event: 0.413 Thread 0x000002690d3ca800 Uncommon trap: trap_request=0xffffff4d fr.pc=0x000002691d61a6a8 relative=0x0000000000000088
Event: 0.413 Thread 0x000002690d3ca800 Uncommon trap: reason=unstable_if action=reinterpret pc=0x000002691d61a6a8 method=java.util.regex.Pattern.append(II)V @ 6 c2
Event: 0.413 Thread 0x000002690d3ca800 DEOPT PACKING pc=0x000002691d61a6a8 sp=0x00000086156fce20
Event: 0.413 Thread 0x000002690d3ca800 DEOPT UNPACKING pc=0x0000026915b485af sp=0x00000086156fcd98 mode 2

Classes redefined (0 events):
No events

Internal exceptions (3 events):
Event: 0.223 Thread 0x000002690d3ca800 Exception <a 'java/lang/NoSuchMethodError'{0x00000000ffc51cf8}: 'int java.lang.invoke.DirectMethodHandle$Holder.invokeStaticInit(java.lang.Object, java.lang.Object)'> (0x00000000ffc51cf8) thrown at [s\src\hotspot\share\interpreter\linkResolver.cpp, line 773]
Event: 0.265 Thread 0x000002690d3ca800 Exception <a 'java/lang/NoSuchMethodError'{0x00000000ffb26f48}: 'int java.lang.invoke.DirectMethodHandle$Holder.invokeSpecial(java.lang.Object, java.lang.Object, java.lang.Object, java.lang.Object)'> (0x00000000ffb26f48) thrown at [s\src\hotspot\share\interpreter\linkResolver.cpp, line 773]
Event: 0.272 Thread 0x000002690d3ca800 Exception <a 'java/lang/NoSuchMethodError'{0x00000000ffb5f700}: 'int java.lang.invoke.DirectMethodHandle$Holder.invokeSpecialIFC(java.lang.Object, java.lang.Object, int)'> (0x00000000ffb5f700) thrown at [s\src\hotspot\share\interpreter\linkResolver.cpp, line 773]

Events (20 events):
Event: 0.424 loading class java/nio/IntBuffer
Event: 0.424 loading class java/nio/IntBuffer done
Event: 0.424 loading class java/nio/DirectIntBufferU done
Event: 0.424 loading class java/nio/DirectByteBufferR
Event: 0.424 loading class java/nio/DirectByteBufferR done
Event: 0.425 loading class java/nio/DirectIntBufferRU
Event: 0.425 loading class java/nio/DirectIntBufferRU done
Event: 0.425 loading class jdk/internal/jimage/ImageStringsReader
Event: 0.425 loading class jdk/internal/jimage/ImageStrings
Event: 0.425 loading class jdk/internal/jimage/ImageStrings done
Event: 0.425 loading class jdk/internal/jimage/ImageStringsReader done
Event: 0.425 loading class jdk/internal/jimage/decompressor/Decompressor
Event: 0.425 loading class jdk/internal/jimage/decompressor/Decompressor done
Event: 0.425 loading class jdk/internal/jimage/ImageLocation
Event: 0.425 loading class jdk/internal/jimage/ImageLocation done
Event: 0.427 loading class org/gradle/internal/classloader/VisitableURLClassLoader$Spec
Event: 0.427 loading class org/gradle/internal/classloader/VisitableURLClassLoader$Spec done
Event: 0.437 Thread 0x0000026927ec8800 Thread added: 0x0000026927ec8800
Event: 0.438 loading class org/gradle/launcher/Main
Event: 0.438 loading class org/gradle/launcher/Main done


Dynamic libraries:
0x00007ff618a80000 - 0x00007ff618a8d000 	C:\Program Files\Microsoft\jdk-11.0.20.8-hotspot\bin\java.exe
0x00007ffeae630000 - 0x00007ffeae828000 	C:\Windows\SYSTEM32\ntdll.dll
0x00007ffeae4b0000 - 0x00007ffeae56d000 	C:\Windows\System32\KERNEL32.DLL
0x00007ffeac020000 - 0x00007ffeac316000 	C:\Windows\System32\KERNELBASE.dll
0x00007ffeac320000 - 0x00007ffeac420000 	C:\Windows\System32\ucrtbase.dll
0x00007ffea3d90000 - 0x00007ffea3da5000 	C:\Program Files\Microsoft\jdk-11.0.20.8-hotspot\bin\VCRUNTIME140.dll
0x00007ffe9c430000 - 0x00007ffe9c447000 	C:\Program Files\Microsoft\jdk-11.0.20.8-hotspot\bin\jli.dll
0x00007ffeadd20000 - 0x00007ffeadebe000 	C:\Windows\System32\USER32.dll
0x00007ffeac4f0000 - 0x00007ffeac512000 	C:\Windows\System32\win32u.dll
0x00007ffeac9c0000 - 0x00007ffeac9ec000 	C:\Windows\System32\GDI32.dll
0x00007ffe94560000 - 0x00007ffe947fa000 	C:\Windows\WinSxS\amd64_microsoft.windows.common-controls_6595b64144ccf1df_6.0.19041.3636_none_60b6a03d71f818d5\COMCTL32.dll
0x00007ffeabf00000 - 0x00007ffeac01a000 	C:\Windows\System32\gdi32full.dll
0x00007ffeac9f0000 - 0x00007ffeaca8e000 	C:\Windows\System32\msvcrt.dll
0x00007ffeac450000 - 0x00007ffeac4ed000 	C:\Windows\System32\msvcp_win.dll
0x00007ffeadcf0000 - 0x00007ffeadd20000 	C:\Windows\System32\IMM32.DLL
0x00007ffe7cb20000 - 0x00007ffe7cbbb000 	C:\Program Files\Microsoft\jdk-11.0.20.8-hotspot\bin\msvcp140.dll
0x00007ffe18ca0000 - 0x00007ffe19836000 	C:\Program Files\Microsoft\jdk-11.0.20.8-hotspot\bin\server\jvm.dll
0x00007ffeac6e0000 - 0x00007ffeac793000 	C:\Windows\System32\ADVAPI32.dll
0x00007ffeadec0000 - 0x00007ffeadf5f000 	C:\Windows\System32\sechost.dll
0x00007ffeae110000 - 0x00007ffeae236000 	C:\Windows\System32\RPCRT4.dll
0x00007ffeac420000 - 0x00007ffeac447000 	C:\Windows\System32\bcrypt.dll
0x00007ffead620000 - 0x00007ffead628000 	C:\Windows\System32\PSAPI.DLL
0x00007ffea4040000 - 0x00007ffea4049000 	C:\Windows\SYSTEM32\WSOCK32.dll
0x00007ffea9110000 - 0x00007ffea9137000 	C:\Windows\SYSTEM32\WINMM.dll
0x00007ffeae250000 - 0x00007ffeae2bb000 	C:\Windows\System32\WS2_32.dll
0x00007ffe9d010000 - 0x00007ffe9d01a000 	C:\Windows\SYSTEM32\VERSION.dll
0x00007ffeaa540000 - 0x00007ffeaa552000 	C:\Windows\SYSTEM32\kernel.appcore.dll
0x00007ffea40f0000 - 0x00007ffea4100000 	C:\Program Files\Microsoft\jdk-11.0.20.8-hotspot\bin\verify.dll
0x00007ffea9a70000 - 0x00007ffea9c54000 	C:\Windows\SYSTEM32\DBGHELP.DLL
0x00007ffea90d0000 - 0x00007ffea9104000 	C:\Windows\SYSTEM32\dbgcore.DLL
0x00007ffeabd00000 - 0x00007ffeabd82000 	C:\Windows\System32\bcryptPrimitives.dll
0x00007ffe9a730000 - 0x00007ffe9a758000 	C:\Program Files\Microsoft\jdk-11.0.20.8-hotspot\bin\java.dll
0x00007ffea40a0000 - 0x00007ffea40aa000 	C:\Program Files\Microsoft\jdk-11.0.20.8-hotspot\bin\jimage.dll
0x00007ffe9c1b0000 - 0x00007ffe9c1c8000 	C:\Program Files\Microsoft\jdk-11.0.20.8-hotspot\bin\zip.dll
0x00007ffeaca90000 - 0x00007ffead1d5000 	C:\Windows\System32\SHELL32.dll
0x00007ffea9d90000 - 0x00007ffeaa52b000 	C:\Windows\SYSTEM32\windows.storage.dll
0x00007ffead200000 - 0x00007ffead554000 	C:\Windows\System32\combase.dll
0x00007ffeab730000 - 0x00007ffeab75d000 	C:\Windows\SYSTEM32\Wldp.dll
0x00007ffeae400000 - 0x00007ffeae4ad000 	C:\Windows\System32\SHCORE.dll
0x00007ffeae2c0000 - 0x00007ffeae315000 	C:\Windows\System32\shlwapi.dll
0x00007ffeabc30000 - 0x00007ffeabc55000 	C:\Windows\SYSTEM32\profapi.dll
0x00007ffe9a710000 - 0x00007ffe9a729000 	C:\Program Files\Microsoft\jdk-11.0.20.8-hotspot\bin\net.dll
0x00007ffea5ff0000 - 0x00007ffea60fa000 	C:\Windows\SYSTEM32\WINHTTP.dll
0x00007ffeab490000 - 0x00007ffeab4fa000 	C:\Windows\system32\mswsock.dll
0x00007ffe9a6f0000 - 0x00007ffe9a703000 	C:\Program Files\Microsoft\jdk-11.0.20.8-hotspot\bin\nio.dll

dbghelp: loaded successfully - version: 4.0.5 - missing functions: none
symbol engine: initialized successfully - sym options: 0x614 - pdb path: .;C:\Program Files\Microsoft\jdk-11.0.20.8-hotspot\bin;C:\Windows\SYSTEM32;C:\Windows\WinSxS\amd64_microsoft.windows.common-controls_6595b64144ccf1df_6.0.19041.3636_none_60b6a03d71f818d5;C:\Program Files\Microsoft\jdk-11.0.20.8-hotspot\bin\server

VM Arguments:
jvm_args: -Xmx64m -Xms64m -Dorg.gradle.appname=gradlew 
java_command: org.gradle.wrapper.GradleWrapperMain tasks
java_class_path (initial): C:\Users\kovar\Desktop\ANDROID_APP\ANDROID_APP_projekt\android\\gradle\wrapper\gradle-wrapper.jar
Launcher Type: SUN_STANDARD

[Global flags]
     intx CICompilerCount                          = 3                                         {product} {ergonomic}
     uint ConcGCThreads                            = 1                                         {product} {ergonomic}
     uint G1ConcRefinementThreads                  = 4                                         {product} {ergonomic}
   size_t G1HeapRegionSize                         = 1048576                                   {product} {ergonomic}
    uintx GCDrainStackTargetSize                   = 64                                        {product} {ergonomic}
   size_t InitialHeapSize                          = 67108864                                  {product} {command line}
   size_t MarkStackSize                            = 4194304                                   {product} {ergonomic}
   size_t MaxHeapSize                              = 67108864                                  {product} {command line}
   size_t MaxNewSize                               = 39845888                                  {product} {ergonomic}
   size_t MinHeapDeltaBytes                        = 1048576                                   {product} {ergonomic}
    uintx NonNMethodCodeHeapSize                   = 5830732                                {pd product} {ergonomic}
    uintx NonProfiledCodeHeapSize                  = 122913754                              {pd product} {ergonomic}
    uintx ProfiledCodeHeapSize                     = 122913754                              {pd product} {ergonomic}
    uintx ReservedCodeCacheSize                    = 251658240                              {pd product} {ergonomic}
     bool SegmentedCodeCache                       = true                                      {product} {ergonomic}
     bool UseCompressedClassPointers               = true                                 {lp64_product} {ergonomic}
     bool UseCompressedOops                        = true                                 {lp64_product} {ergonomic}
     bool UseG1GC                                  = true                                      {product} {ergonomic}
     bool UseLargePagesIndividualAllocation        = false                                  {pd product} {ergonomic}

Logging:
Log output configuration:
 #0: stdout all=warning uptime,level,tags
 #1: stderr all=off uptime,level,tags

Environment Variables:
JAVA_HOME=C:\Program Files\Microsoft\jdk-11.0.20.8-hotspot\
CLASSPATH=C:\Users\kovar\Desktop\ANDROID_APP\ANDROID_APP_projekt\android\\gradle\wrapper\gradle-wrapper.jar
PATH=C:\Users\kovar\Desktop\ANDROID_APP\ANDROID_APP_projekt\node_modules\.bin;C:\Users\kovar\Desktop\ANDROID_APP\ANDROID_APP_projekt\node_modules\.bin;C:\Users\kovar\Desktop\ANDROID_APP\node_modules\.bin;C:\Users\kovar\Desktop\node_modules\.bin;C:\Users\kovar\node_modules\.bin;C:\Users\node_modules\.bin;C:\node_modules\.bin;C:\Program Files\nodejs\node_modules\npm\node_modules\@npmcli\run-script\lib\node-gyp-bin;C:\Users\kovar\Desktop\ANDROID_APP\ANDROID_APP_projekt\node_modules\.bin;C:\Users\kovar\Desktop\ANDROID_APP\node_modules\.bin;C:\Users\kovar\Desktop\node_modules\.bin;C:\Users\kovar\node_modules\.bin;C:\Users\node_modules\.bin;C:\node_modules\.bin;C:\Program Files\nodejs\node_modules\npm\node_modules\@npmcli\run-script\lib\node-gyp-bin;C:\Program Files\Microsoft\jdk-11.0.20.8-hotspot\bin;C:\Python312\Scripts\;C:\Python312\;C:\Windows\system32;C:\Windows;C:\Windows\System32\Wbem;C:\Windows\System32\WindowsPowerShell\v1.0\;C:\Windows\System32\OpenSSH\;C:\Program Files\MATLAB\R2021b\bin;C:\Program Files\dotnet\;C:\sqlite3;C:\MinGW\bin;C:\Program Files (x86)\dotnet\;C:\Program Files\Git\cmd;C:\Program Files\nodejs\;C:\ProgramData\chocolatey\bin;C:\Python\Scripts\;C:\Python\;C:\Users\kovar\AppData\Local\Microsoft\WindowsApps;C:\Microsoft VS Code\bin;C:\MinGW\bin;C:\Users\kovar\.dotnet\tools;C:\Users\kovar\AppData\Roaming\npm;C:\Users\kovar\AppData\Local\Android\Sdk\platform-tools;
USERNAME=kovar
LANG=cs_CZ.UTF-8
OS=Windows_NT
PROCESSOR_IDENTIFIER=Intel64 Family 6 Model 140 Stepping 1, GenuineIntel
TMP=C:\Users\kovar\AppData\Local\Temp
TEMP=C:\Users\kovar\AppData\Local\Temp



---------------  S Y S T E M  ---------------

OS: Windows 10 , 64 bit Build 19041 (10.0.19041.3636)
OS uptime: 1 days 12:50 hours

CPU:total 4 (initial active 4) (2 cores per cpu, 2 threads per core) family 6 model 140 stepping 1 microcode 0xb4, cmov, cx8, fxsr, mmx, sse, sse2, sse3, ssse3, sse4.1, sse4.2, popcnt, avx, avx2, aes, clmul, erms, 3dnowpref, lzcnt, ht, tsc, tscinvbit, bmi1, bmi2, adx, evex, sha, fma

Memory: 4k page, system-wide physical 7914M (642M free)
TotalPageFile size 15461M (AvailPageFile size 1M)
current process WorkingSet (physical memory assigned to process): 50M, peak: 50M
current process commit charge ("private bytes"): 137M, peak: 137M

vm_info: OpenJDK 64-Bit Server VM (11.0.20+8-LTS) for windows-amd64 JRE (11.0.20+8-LTS), built on Jul  7 2023 17:05:21 by "MicrosoftCorporation" with MS VC++ 15.9 (VS2017)

END.
